# JRE version: Java(TM) SE Runtime Environment (22.0+36) (build 22+36-2370)
# Java VM: Java HotSpot(TM) 64-Bit Server VM (22+36-2370, mixed mode, sharing, tiered, compressed oops, compressed class ptrs, g1 gc, bsd-aarch64)
Heap:
 garbage-first heap   total reserved 2097152K, committed 92160K, used 78049K [0x0000000780000000, 0x0000000800000000)
  region size 1024K, 52 young (53248K), 2 survivors (2048K)
 Metaspace       used 28507K, committed 28928K, reserved 1114112K
  class space    used 4160K, committed 4352K, reserved 1048576K
GC Heap History (8 events):
Event: 0.436 GC heap before
{Heap before GC invocations=0 (full 0):
 garbage-first heap   total reserved 2097152K, committed 133120K, used 25617K [0x0000000780000000, 0x0000000800000000)
  region size 1024K, 24 young (24576K), 0 survivors (0K)
 Metaspace       used 4958K, committed 5248K, reserved 1114112K
  class space    used 562K, committed 704K, reserved 1048576K
}
Event: 0.438 GC heap after
{Heap after GC invocations=1 (full 0):
 garbage-first heap   total reserved 2097152K, committed 133120K, used 6677K [0x0000000780000000, 0x0000000800000000)
  region size 1024K, 3 young (3072K), 3 survivors (3072K)
 Metaspace       used 4958K, committed 5248K, reserved 1114112K
  class space    used 562K, committed 704K, reserved 1048576K
}
Event: 4.142 GC heap before
{Heap before GC invocations=1 (full 0):
 garbage-first heap   total reserved 2097152K, committed 133120K, used 48661K [0x0000000780000000, 0x0000000800000000)
  region size 1024K, 43 young (44032K), 3 survivors (3072K)
 Metaspace       used 13943K, committed 14208K, reserved 1114112K
  class space    used 2002K, committed 2112K, reserved 1048576K
}
Event: 4.151 GC heap after
{Heap after GC invocations=2 (full 0):
 garbage-first heap   total reserved 2097152K, committed 133120K, used 12007K [0x0000000780000000, 0x0000000800000000)
  region size 1024K, 6 young (6144K), 6 survivors (6144K)
 Metaspace       used 13943K, committed 14208K, reserved 1114112K
  class space    used 2002K, committed 2112K, reserved 1048576K
}
Event: 11.492 GC heap before
{Heap before GC invocations=2 (full 0):
 garbage-first heap   total reserved 2097152K, committed 133120K, used 50919K [0x0000000780000000, 0x0000000800000000)
  region size 1024K, 46 young (47104K), 6 survivors (6144K)
 Metaspace       used 18174K, committed 18496K, reserved 1114112K
  class space    used 2868K, committed 3008K, reserved 1048576K
}
Event: 11.497 GC heap after
{Heap after GC invocations=3 (full 0):
 garbage-first heap   total reserved 2097152K, committed 133120K, used 23765K [0x0000000780000000, 0x0000000800000000)
  region size 1024K, 8 young (8192K), 8 survivors (8192K)
 Metaspace       used 18174K, committed 18496K, reserved 1114112K
  class space    used 2868K, committed 3008K, reserved 1048576K
}
Event: 30.246 GC heap before
{Heap before GC invocations=3 (full 0):
 garbage-first heap   total reserved 2097152K, committed 275456K, used 223445K [0x0000000780000000, 0x0000000800000000)
  region size 1024K, 25 young (25600K), 8 survivors (8192K)
 Metaspace       used 21115K, committed 21504K, reserved 1114112K
  class space    used 3244K, committed 3456K, reserved 1048576K
}
Event: 30.252 GC heap after
{Heap after GC invocations=4 (full 0):
 garbage-first heap   total reserved 2097152K, committed 275456K, used 25706K [0x0000000780000000, 0x0000000800000000)
  region size 1024K, 2 young (2048K), 2 survivors (2048K)
 Metaspace       used 21115K, committed 21504K, reserved 1114112K
  class space    used 3244K, committed 3456K, reserved 1048576K
}

